<?xml version="1.0" encoding="UTF-8"?>
<!-- Generated by org.testng.reporters.JUnitXMLReporter -->
<testsuite ignored="6" hostname="DESKTOP-QA2UGQA" failures="0" tests="4" name="Test page object parallel" time="53.998" errors="0" timestamp="2022-02-15T13:28:52 IST">
  <testcase classname="testCases.RealTestCase002" name="RealTestCase002_Method001" time="0.04"/>
  <testcase classname="testCases.RealTestCase001" name="RealTestCase001_Method001" time="0.049"/>
  <testcase classname="testCases.LoginTestCase001" name="loginTestCase" time="28.323"/>
  <testcase classname="testCases.OpenSalesAppTestCase002" name="loginTestCase" time="35.858"/>
  <testcase classname="hooks.AppHooks" name="@BeforeSuite beforeSuite" time="0.0">
    <ignored/>
  </testcase> <!-- @BeforeSuite beforeSuite -->
  <testcase classname="hooks.AppHooks" name="@BeforeSuite beforeSuite" time="0.0">
    <ignored/>
  </testcase> <!-- @BeforeSuite beforeSuite -->
  <testcase classname="hooks.AppHooks" name="@BeforeSuite beforeSuite" time="0.0">
    <ignored/>
  </testcase> <!-- @BeforeSuite beforeSuite -->
  <testcase classname="hooks.AppHooks" name="@AfterSuite afterSuite" time="0.0">
    <ignored/>
  </testcase> <!-- @AfterSuite afterSuite -->
  <testcase classname="hooks.AppHooks" name="@AfterSuite afterSuite" time="0.0">
    <ignored/>
  </testcase> <!-- @AfterSuite afterSuite -->
  <testcase classname="hooks.AppHooks" name="@AfterSuite afterSuite" time="0.0">
    <ignored/>
  </testcase> <!-- @AfterSuite afterSuite -->
</testsuite> <!-- Test page object parallel -->
