<?xml version="1.0" encoding="UTF-8"?>
<!-- Generated by org.testng.reporters.JUnitXMLReporter -->
<testsuite ignored="0" hostname="DESKTOP-QA2UGQA" failures="0" tests="4" name="Test" time="1.319" errors="0" timestamp="2022-02-10T17:23:58 IST">
  <testcase classname="coreJavaLearning.TestngLearning" name="class1Method2" time="0.008"/>
  <testcase classname="coreJavaLearning.TestngLearning" name="class1Method2" time="0.002"/>
  <testcase classname="coreJavaLearning.TestngLearning2" name="testMethod1" time="0.003"/>
  <testcase classname="coreJavaLearning.ExtentReportLearning" name="extentReportMethod" time="1.217"/>
</testsuite> <!-- Test -->
