<?xml version="1.0" encoding="UTF-8"?>
<!-- Generated by org.testng.reporters.JUnitXMLReporter -->
<testsuite ignored="2" hostname="DESKTOP-QA2UGQA" failures="0" tests="2" name="Test page object parallel" time="13.304" errors="0" timestamp="2022-02-12T15:21:49 IST">
  <testcase classname="hooks.AppHooks" name="@AfterMethod afterMethod" time="0.804">
    <failure type="java.lang.RuntimeException">
      <![CDATA[java.lang.RuntimeException
at utils.ExtentReporter.reportStep(ExtentReporter.java:74)
at uiServices.IPageActionsImp.closeAllBrowsers(IPageActionsImp.java:124)
at hooks.AppHooks.afterMethod(AppHooks.java:66)
at java.base/java.util.concurrent.ThreadPoolExecutor.runWorker(ThreadPoolExecutor.java:1130)
at java.base/java.util.concurrent.ThreadPoolExecutor$Worker.run(ThreadPoolExecutor.java:630)
at java.base/java.lang.Thread.run(Thread.java:831)
... Removed 17 stack frames]]>
    </failure>
  </testcase> <!-- @AfterMethod afterMethod -->
  <testcase classname="testCases.RealTestCase001" name="RealTestCase001_Method001" time="0.027"/>
  <testcase classname="testCases.RealTestCase002" name="RealTestCase002_Method001" time="0.003"/>
  <testcase classname="hooks.AppHooks" name="@BeforeSuite beforeSuite" time="0.0">
    <ignored/>
  </testcase> <!-- @BeforeSuite beforeSuite -->
  <testcase classname="hooks.AppHooks" name="@AfterSuite afterSuite" time="0.0">
    <ignored/>
  </testcase> <!-- @AfterSuite afterSuite -->
</testsuite> <!-- Test page object parallel -->
