<?xml version="1.0" encoding="UTF-8"?>
<testng-results ignored="6" total="10" passed="4" failed="0" skipped="0">
  <reporter-output>
  </reporter-output>
  <suite started-at="2022-02-15T13:27:58 IST" name="Suite" finished-at="2022-02-15T13:28:52 IST" duration-ms="53998">
    <groups>
    </groups>
    <test started-at="2022-02-15T13:27:58 IST" name="Test page object parallel" finished-at="2022-02-15T13:28:52 IST" duration-ms="53998">
      <class name="testCases.RealTestCase001">
        <test-method is-config="true" signature="beforeSuite()[pri:0, instance:testCases.RealTestCase001@d9345cd]" started-at="2022-02-15T13:27:57 IST" name="beforeSuite" finished-at="2022-02-15T13:27:58 IST" duration-ms="876" status="PASS">
          <reporter-output>
          </reporter-output>
        </test-method> <!-- beforeSuite -->
        <test-method is-config="true" signature="setValues()[pri:0, instance:testCases.RealTestCase001@d9345cd]" started-at="2022-02-15T13:27:58 IST" name="setValues" finished-at="2022-02-15T13:27:58 IST" duration-ms="0" status="PASS">
          <reporter-output>
          </reporter-output>
        </test-method> <!-- setValues -->
        <test-method is-config="true" signature="beforeClass()[pri:0, instance:testCases.RealTestCase001@d9345cd]" started-at="2022-02-15T13:27:58 IST" name="beforeClass" finished-at="2022-02-15T13:28:07 IST" duration-ms="8736" status="PASS">
          <reporter-output>
          </reporter-output>
        </test-method> <!-- beforeClass -->
        <test-method is-config="true" signature="beforeMethod()[pri:0, instance:testCases.RealTestCase001@d9345cd]" started-at="2022-02-15T13:28:07 IST" name="beforeMethod" finished-at="2022-02-15T13:28:07 IST" duration-ms="19" status="PASS">
          <reporter-output>
          </reporter-output>
        </test-method> <!-- beforeMethod -->
        <test-method signature="RealTestCase001_Method001()[pri:0, instance:testCases.RealTestCase001@d9345cd]" started-at="2022-02-15T13:28:07 IST" name="RealTestCase001_Method001" finished-at="2022-02-15T13:28:07 IST" duration-ms="49" status="PASS">
          <reporter-output>
          </reporter-output>
        </test-method> <!-- RealTestCase001_Method001 -->
        <test-method is-config="true" signature="afterMethod()[pri:0, instance:testCases.RealTestCase001@d9345cd]" started-at="2022-02-15T13:28:07 IST" name="afterMethod" finished-at="2022-02-15T13:28:07 IST" duration-ms="1" status="PASS">
          <reporter-output>
          </reporter-output>
        </test-method> <!-- afterMethod -->
        <test-method is-config="true" signature="afterSuite()[pri:0, instance:testCases.RealTestCase001@d9345cd]" started-at="2022-02-15T13:28:52 IST" name="afterSuite" finished-at="2022-02-15T13:28:54 IST" duration-ms="2310" status="PASS">
          <reporter-output>
          </reporter-output>
        </test-method> <!-- afterSuite -->
      </class> <!-- testCases.RealTestCase001 -->
      <class name="testCases.RealTestCase002">
        <test-method is-config="true" signature="setValues()[pri:0, instance:testCases.RealTestCase002@2d710f1a]" started-at="2022-02-15T13:27:58 IST" name="setValues" finished-at="2022-02-15T13:27:58 IST" duration-ms="1" status="PASS">
          <reporter-output>
          </reporter-output>
        </test-method> <!-- setValues -->
        <test-method is-config="true" signature="beforeClass()[pri:0, instance:testCases.RealTestCase002@2d710f1a]" started-at="2022-02-15T13:27:58 IST" name="beforeClass" finished-at="2022-02-15T13:28:06 IST" duration-ms="8655" status="PASS">
          <reporter-output>
          </reporter-output>
        </test-method> <!-- beforeClass -->
        <test-method is-config="true" signature="beforeMethod()[pri:0, instance:testCases.RealTestCase002@2d710f1a]" started-at="2022-02-15T13:28:07 IST" name="beforeMethod" finished-at="2022-02-15T13:28:07 IST" duration-ms="17" status="PASS">
          <reporter-output>
          </reporter-output>
        </test-method> <!-- beforeMethod -->
        <test-method signature="RealTestCase002_Method001()[pri:0, instance:testCases.RealTestCase002@2d710f1a]" started-at="2022-02-15T13:28:07 IST" name="RealTestCase002_Method001" finished-at="2022-02-15T13:28:07 IST" duration-ms="40" status="PASS">
          <reporter-output>
          </reporter-output>
        </test-method> <!-- RealTestCase002_Method001 -->
        <test-method is-config="true" signature="afterMethod()[pri:0, instance:testCases.RealTestCase002@2d710f1a]" started-at="2022-02-15T13:28:07 IST" name="afterMethod" finished-at="2022-02-15T13:28:07 IST" duration-ms="0" status="PASS">
          <reporter-output>
          </reporter-output>
        </test-method> <!-- afterMethod -->
      </class> <!-- testCases.RealTestCase002 -->
      <class name="testCases.LoginTestCase001">
        <test-method is-config="true" signature="setValues()[pri:0, instance:testCases.LoginTestCase001@29215f06]" started-at="2022-02-15T13:27:58 IST" name="setValues" finished-at="2022-02-15T13:27:58 IST" duration-ms="2" status="PASS">
          <reporter-output>
          </reporter-output>
        </test-method> <!-- setValues -->
        <test-method is-config="true" signature="beforeClass()[pri:0, instance:testCases.LoginTestCase001@29215f06]" started-at="2022-02-15T13:28:07 IST" name="beforeClass" finished-at="2022-02-15T13:28:16 IST" duration-ms="9340" status="PASS">
          <reporter-output>
          </reporter-output>
        </test-method> <!-- beforeClass -->
        <test-method is-config="true" signature="beforeMethod()[pri:0, instance:testCases.LoginTestCase001@29215f06]" started-at="2022-02-15T13:28:16 IST" name="beforeMethod" finished-at="2022-02-15T13:28:16 IST" duration-ms="1" status="PASS">
          <reporter-output>
          </reporter-output>
        </test-method> <!-- beforeMethod -->
        <test-method signature="loginTestCase()[pri:0, instance:testCases.LoginTestCase001@29215f06]" started-at="2022-02-15T13:28:16 IST" name="loginTestCase" finished-at="2022-02-15T13:28:44 IST" duration-ms="28323" status="PASS">
          <reporter-output>
          </reporter-output>
        </test-method> <!-- loginTestCase -->
        <test-method is-config="true" signature="afterMethod()[pri:0, instance:testCases.LoginTestCase001@29215f06]" started-at="2022-02-15T13:28:44 IST" name="afterMethod" finished-at="2022-02-15T13:28:44 IST" duration-ms="2" status="PASS">
          <reporter-output>
          </reporter-output>
        </test-method> <!-- afterMethod -->
      </class> <!-- testCases.LoginTestCase001 -->
      <class name="testCases.OpenSalesAppTestCase002">
        <test-method is-config="true" signature="setValues()[pri:0, instance:testCases.OpenSalesAppTestCase002@59505b48]" started-at="2022-02-15T13:27:58 IST" name="setValues" finished-at="2022-02-15T13:27:58 IST" duration-ms="1" status="PASS">
          <reporter-output>
          </reporter-output>
        </test-method> <!-- setValues -->
        <test-method is-config="true" signature="beforeClass()[pri:0, instance:testCases.OpenSalesAppTestCase002@59505b48]" started-at="2022-02-15T13:28:07 IST" name="beforeClass" finished-at="2022-02-15T13:28:16 IST" duration-ms="9225" status="PASS">
          <reporter-output>
          </reporter-output>
        </test-method> <!-- beforeClass -->
        <test-method is-config="true" signature="beforeMethod()[pri:0, instance:testCases.OpenSalesAppTestCase002@59505b48]" started-at="2022-02-15T13:28:16 IST" name="beforeMethod" finished-at="2022-02-15T13:28:16 IST" duration-ms="1" status="PASS">
          <reporter-output>
          </reporter-output>
        </test-method> <!-- beforeMethod -->
        <test-method signature="loginTestCase()[pri:0, instance:testCases.OpenSalesAppTestCase002@59505b48]" started-at="2022-02-15T13:28:16 IST" name="loginTestCase" finished-at="2022-02-15T13:28:52 IST" duration-ms="35858" status="PASS">
          <reporter-output>
          </reporter-output>
        </test-method> <!-- loginTestCase -->
        <test-method is-config="true" signature="afterMethod()[pri:0, instance:testCases.OpenSalesAppTestCase002@59505b48]" started-at="2022-02-15T13:28:52 IST" name="afterMethod" finished-at="2022-02-15T13:28:52 IST" duration-ms="5" status="PASS">
          <reporter-output>
          </reporter-output>
        </test-method> <!-- afterMethod -->
      </class> <!-- testCases.OpenSalesAppTestCase002 -->
    </test> <!-- Test page object parallel -->
  </suite> <!-- Suite -->
</testng-results>
